<?xml version="1.0" encoding="UTF-8"?>
<!-- Generated by org.testng.reporters.JUnitXMLReporter -->
<testsuite ignored="0" hostname="abdulraheem" failures="0" tests="6" name="Default test" time="13.403" errors="0" timestamp="2023-12-03T21:54:59 EET">
  <testcase classname="first.MyTestCases" name="firstTest" time="2.211"/>
  <testcase classname="first.MyTestCases" name="firstTest" time="2.192"/>
  <testcase classname="first.MyTestCases" name="firstTest" time="2.184"/>
  <testcase classname="first.MyTestCases" name="firstTest" time="2.187"/>
  <testcase classname="first.MyTestCases" name="firstTest" time="2.186"/>
  <testcase classname="first.MyTestCases" name="firstTest" time="2.184"/>
</testsuite> <!-- Default test -->
