<?xml version="1.0" encoding="UTF-8"?>
<testng-results ignored="0" total="6" passed="6" failed="0" skipped="0">
  <reporter-output>
  </reporter-output>
  <suite started-at="2023-12-03T21:54:46 EET" name="Default suite" finished-at="2023-12-03T21:54:59 EET" duration-ms="13403">
    <groups>
    </groups>
    <test started-at="2023-12-03T21:54:46 EET" name="Default test" finished-at="2023-12-03T21:54:59 EET" duration-ms="13403">
      <class name="first.MyTestCases">
        <test-method is-config="true" signature="setup()[pri:0, instance:first.MyTestCases@2b43529a]" started-at="2023-12-03T21:54:46 EET" name="setup" finished-at="2023-12-03T21:54:46 EET" duration-ms="237" status="PASS">
          <reporter-output>
          </reporter-output>
        </test-method> <!-- setup -->
        <test-method signature="firstTest()[pri:0, instance:first.MyTestCases@2b43529a]" started-at="2023-12-03T21:54:46 EET" name="firstTest" finished-at="2023-12-03T21:54:48 EET" duration-ms="2211" status="PASS">
          <reporter-output>
          </reporter-output>
        </test-method> <!-- firstTest -->
        <test-method signature="firstTest()[pri:0, instance:first.MyTestCases@2b43529a]" started-at="2023-12-03T21:54:48 EET" name="firstTest" finished-at="2023-12-03T21:54:50 EET" duration-ms="2192" status="PASS">
          <reporter-output>
          </reporter-output>
        </test-method> <!-- firstTest -->
        <test-method signature="firstTest()[pri:0, instance:first.MyTestCases@2b43529a]" started-at="2023-12-03T21:54:50 EET" name="firstTest" finished-at="2023-12-03T21:54:53 EET" duration-ms="2184" status="PASS">
          <reporter-output>
          </reporter-output>
        </test-method> <!-- firstTest -->
        <test-method signature="firstTest()[pri:0, instance:first.MyTestCases@2b43529a]" started-at="2023-12-03T21:54:53 EET" name="firstTest" finished-at="2023-12-03T21:54:55 EET" duration-ms="2187" status="PASS">
          <reporter-output>
          </reporter-output>
        </test-method> <!-- firstTest -->
        <test-method signature="firstTest()[pri:0, instance:first.MyTestCases@2b43529a]" started-at="2023-12-03T21:54:55 EET" name="firstTest" finished-at="2023-12-03T21:54:57 EET" duration-ms="2186" status="PASS">
          <reporter-output>
          </reporter-output>
        </test-method> <!-- firstTest -->
        <test-method signature="firstTest()[pri:0, instance:first.MyTestCases@2b43529a]" started-at="2023-12-03T21:54:57 EET" name="firstTest" finished-at="2023-12-03T21:54:59 EET" duration-ms="2184" status="PASS">
          <reporter-output>
          </reporter-output>
        </test-method> <!-- firstTest -->
        <test-method is-config="true" signature="postTest()[pri:0, instance:first.MyTestCases@2b43529a]" started-at="2023-12-03T21:54:59 EET" name="postTest" finished-at="2023-12-03T21:54:59 EET" duration-ms="0" status="PASS">
          <reporter-output>
          </reporter-output>
        </test-method> <!-- postTest -->
      </class> <!-- first.MyTestCases -->
    </test> <!-- Default test -->
  </suite> <!-- Default suite -->
</testng-results>
